d:\Documents\jose\pruebaTecnica\apiCompras\ClienteApp_\dist\out-tsc\app\app.component.js
d:\Documents\jose\pruebaTecnica\apiCompras\ClienteApp_\dist\out-tsc\app\app.component.js.map
d:\Documents\jose\pruebaTecnica\apiCompras\ClienteApp_\dist\out-tsc\app\models\cliente.model.js
d:\Documents\jose\pruebaTecnica\apiCompras\ClienteApp_\dist\out-tsc\app\models\cliente.model.js.map
d:\Documents\jose\pruebaTecnica\apiCompras\ClienteApp_\dist\out-tsc\app\models\tienda.model.js
d:\Documents\jose\pruebaTecnica\apiCompras\ClienteApp_\dist\out-tsc\app\models\tienda.model.js.map
d:\Documents\jose\pruebaTecnica\apiCompras\ClienteApp_\dist\out-tsc\app\models\articulo.model.js
d:\Documents\jose\pruebaTecnica\apiCompras\ClienteApp_\dist\out-tsc\app\models\articulo.model.js.map
d:\Documents\jose\pruebaTecnica\apiCompras\ClienteApp_\dist\out-tsc\app\models\articuloTienda.model.js
d:\Documents\jose\pruebaTecnica\apiCompras\ClienteApp_\dist\out-tsc\app\models\articuloTienda.model.js.map
d:\Documents\jose\pruebaTecnica\apiCompras\ClienteApp_\dist\out-tsc\app\models\carrito.model.js
d:\Documents\jose\pruebaTecnica\apiCompras\ClienteApp_\dist\out-tsc\app\models\carrito.model.js.map
d:\Documents\jose\pruebaTecnica\apiCompras\ClienteApp_\dist\out-tsc\app\services\http.service.js
d:\Documents\jose\pruebaTecnica\apiCompras\ClienteApp_\dist\out-tsc\app\services\http.service.js.map
d:\Documents\jose\pruebaTecnica\apiCompras\ClienteApp_\dist\out-tsc\app\components\tienda-list\tienda-list\tienda-list.component.js
d:\Documents\jose\pruebaTecnica\apiCompras\ClienteApp_\dist\out-tsc\app\components\tienda-list\tienda-list\tienda-list.component.js.map
d:\Documents\jose\pruebaTecnica\apiCompras\ClienteApp_\dist\out-tsc\app\components\articulo-list\articulo-list\articulo-list.component.js
d:\Documents\jose\pruebaTecnica\apiCompras\ClienteApp_\dist\out-tsc\app\components\articulo-list\articulo-list\articulo-list.component.js.map
d:\Documents\jose\pruebaTecnica\apiCompras\ClienteApp_\dist\out-tsc\app\components\articulo-tienda-list\articulo-tienda-list\articulo-tienda-list.component.js
d:\Documents\jose\pruebaTecnica\apiCompras\ClienteApp_\dist\out-tsc\app\components\articulo-tienda-list\articulo-tienda-list\articulo-tienda-list.component.js.map
d:\Documents\jose\pruebaTecnica\apiCompras\ClienteApp_\dist\out-tsc\app\components\cliente-form\cliente-form\cliente-form.component.js
d:\Documents\jose\pruebaTecnica\apiCompras\ClienteApp_\dist\out-tsc\app\components\cliente-form\cliente-form\cliente-form.component.js.map
d:\Documents\jose\pruebaTecnica\apiCompras\ClienteApp_\dist\out-tsc\app\components\cliente-list\cliente-list\cliente-list.component.js
d:\Documents\jose\pruebaTecnica\apiCompras\ClienteApp_\dist\out-tsc\app\components\cliente-list\cliente-list\cliente-list.component.js.map
d:\Documents\jose\pruebaTecnica\apiCompras\ClienteApp_\dist\out-tsc\app\components\tienda-form\tienda-form\tienda-form.component.js
d:\Documents\jose\pruebaTecnica\apiCompras\ClienteApp_\dist\out-tsc\app\components\tienda-form\tienda-form\tienda-form.component.js.map
d:\Documents\jose\pruebaTecnica\apiCompras\ClienteApp_\dist\out-tsc\app\components\articulo-form\articulo-form\articulo-form.component.js
d:\Documents\jose\pruebaTecnica\apiCompras\ClienteApp_\dist\out-tsc\app\components\articulo-form\articulo-form\articulo-form.component.js.map
d:\Documents\jose\pruebaTecnica\apiCompras\ClienteApp_\dist\out-tsc\app\components\carrito\carrito\carrito.component.js
d:\Documents\jose\pruebaTecnica\apiCompras\ClienteApp_\dist\out-tsc\app\components\carrito\carrito\carrito.component.js.map
d:\Documents\jose\pruebaTecnica\apiCompras\ClienteApp_\dist\out-tsc\app\components\menu\menu.component.js
d:\Documents\jose\pruebaTecnica\apiCompras\ClienteApp_\dist\out-tsc\app\components\menu\menu.component.js.map
d:\Documents\jose\pruebaTecnica\apiCompras\ClienteApp_\dist\out-tsc\app\components\auth\auth.component.js
d:\Documents\jose\pruebaTecnica\apiCompras\ClienteApp_\dist\out-tsc\app\components\auth\auth.component.js.map
d:\Documents\jose\pruebaTecnica\apiCompras\ClienteApp_\dist\out-tsc\app\app-routing.module.js
d:\Documents\jose\pruebaTecnica\apiCompras\ClienteApp_\dist\out-tsc\app\app-routing.module.js.map
d:\Documents\jose\pruebaTecnica\apiCompras\ClienteApp_\dist\out-tsc\app\app.module.js
d:\Documents\jose\pruebaTecnica\apiCompras\ClienteApp_\dist\out-tsc\app\app.module.js.map
d:\Documents\jose\pruebaTecnica\apiCompras\ClienteApp_\dist\out-tsc\environments\environment.js
d:\Documents\jose\pruebaTecnica\apiCompras\ClienteApp_\dist\out-tsc\environments\environment.js.map
d:\Documents\jose\pruebaTecnica\apiCompras\ClienteApp_\dist\out-tsc\main.js
d:\Documents\jose\pruebaTecnica\apiCompras\ClienteApp_\dist\out-tsc\main.js.map
d:\Documents\jose\pruebaTecnica\apiCompras\ClienteApp_\dist\out-tsc\polyfills.js
d:\Documents\jose\pruebaTecnica\apiCompras\ClienteApp_\dist\out-tsc\polyfills.js.map
d:\Documents\jose\pruebaTecnica\apiCompras\ClienteApp_\dist\out-tsc\test.js
d:\Documents\jose\pruebaTecnica\apiCompras\ClienteApp_\dist\out-tsc\test.js.map
d:\Documents\jose\pruebaTecnica\apiCompras\ClienteApp_\dist\out-tsc\app\app.component.spec.js
d:\Documents\jose\pruebaTecnica\apiCompras\ClienteApp_\dist\out-tsc\app\app.component.spec.js.map
d:\Documents\jose\pruebaTecnica\apiCompras\ClienteApp_\dist\out-tsc\app\components\articulo-form\articulo-form\articulo-form.component.spec.js
d:\Documents\jose\pruebaTecnica\apiCompras\ClienteApp_\dist\out-tsc\app\components\articulo-form\articulo-form\articulo-form.component.spec.js.map
d:\Documents\jose\pruebaTecnica\apiCompras\ClienteApp_\dist\out-tsc\app\components\articulo-list\articulo-list\articulo-list.component.spec.js
d:\Documents\jose\pruebaTecnica\apiCompras\ClienteApp_\dist\out-tsc\app\components\articulo-list\articulo-list\articulo-list.component.spec.js.map
d:\Documents\jose\pruebaTecnica\apiCompras\ClienteApp_\dist\out-tsc\app\components\articulo-tienda-list\articulo-tienda-list\articulo-tienda-list.component.spec.js
d:\Documents\jose\pruebaTecnica\apiCompras\ClienteApp_\dist\out-tsc\app\components\articulo-tienda-list\articulo-tienda-list\articulo-tienda-list.component.spec.js.map
d:\Documents\jose\pruebaTecnica\apiCompras\ClienteApp_\dist\out-tsc\app\components\auth\auth.component.spec.js
d:\Documents\jose\pruebaTecnica\apiCompras\ClienteApp_\dist\out-tsc\app\components\auth\auth.component.spec.js.map
d:\Documents\jose\pruebaTecnica\apiCompras\ClienteApp_\dist\out-tsc\app\components\carrito\carrito\carrito.component.spec.js
d:\Documents\jose\pruebaTecnica\apiCompras\ClienteApp_\dist\out-tsc\app\components\carrito\carrito\carrito.component.spec.js.map
d:\Documents\jose\pruebaTecnica\apiCompras\ClienteApp_\dist\out-tsc\app\components\cliente-form\cliente-form\cliente-form.component.spec.js
d:\Documents\jose\pruebaTecnica\apiCompras\ClienteApp_\dist\out-tsc\app\components\cliente-form\cliente-form\cliente-form.component.spec.js.map
d:\Documents\jose\pruebaTecnica\apiCompras\ClienteApp_\dist\out-tsc\app\components\cliente-list\cliente-list\cliente-list.component.spec.js
d:\Documents\jose\pruebaTecnica\apiCompras\ClienteApp_\dist\out-tsc\app\components\cliente-list\cliente-list\cliente-list.component.spec.js.map
d:\Documents\jose\pruebaTecnica\apiCompras\ClienteApp_\dist\out-tsc\app\components\menu\menu.component.spec.js
d:\Documents\jose\pruebaTecnica\apiCompras\ClienteApp_\dist\out-tsc\app\components\menu\menu.component.spec.js.map
d:\Documents\jose\pruebaTecnica\apiCompras\ClienteApp_\dist\out-tsc\app\components\tienda-form\tienda-form\tienda-form.component.spec.js
d:\Documents\jose\pruebaTecnica\apiCompras\ClienteApp_\dist\out-tsc\app\components\tienda-form\tienda-form\tienda-form.component.spec.js.map
d:\Documents\jose\pruebaTecnica\apiCompras\ClienteApp_\dist\out-tsc\app\components\tienda-list\tienda-list\tienda-list.component.spec.js
d:\Documents\jose\pruebaTecnica\apiCompras\ClienteApp_\dist\out-tsc\app\components\tienda-list\tienda-list\tienda-list.component.spec.js.map
d:\Documents\jose\pruebaTecnica\apiCompras\ClienteApp_\dist\out-tsc\app\services\http.service.spec.js
d:\Documents\jose\pruebaTecnica\apiCompras\ClienteApp_\dist\out-tsc\app\services\http.service.spec.js.map
d:\Documents\jose\pruebaTecnica\apiCompras\ClienteApp_\dist\out-tsc\environments\environment.prod.js
d:\Documents\jose\pruebaTecnica\apiCompras\ClienteApp_\dist\out-tsc\environments\environment.prod.js.map
